[0m11:23:43.327857 [debug] [MainThread]: Sending event: {'category': 'dbt', 'action': 'invocation', 'label': 'start', 'context': [<snowplow_tracker.self_describing_json.SelfDescribingJson object at 0x106316810>, <snowplow_tracker.self_describing_json.SelfDescribingJson object at 0x1062de650>, <snowplow_tracker.self_describing_json.SelfDescribingJson object at 0x105bf3b10>]}


============================== 11:23:43.330432 | f5ccea28-a38d-4a0c-8f0e-6c79bc615ca9 ==============================
[0m11:23:43.330432 [info ] [MainThread]: Running with dbt=1.7.0
[0m11:23:43.330756 [debug] [MainThread]: running dbt with arguments {'printer_width': '80', 'indirect_selection': 'eager', 'log_cache_events': 'False', 'write_json': 'True', 'partial_parse': 'True', 'cache_selected_only': 'False', 'profiles_dir': '/Users/rtmagar/.dbt', 'debug': 'False', 'warn_error': 'None', 'log_path': 'logs', 'version_check': 'True', 'fail_fast': 'False', 'use_colors': 'True', 'use_experimental_parser': 'False', 'no_print': 'None', 'quiet': 'False', 'log_format': 'default', 'invocation_command': 'dbt debug', 'warn_error_options': 'WarnErrorOptions(include=[], exclude=[])', 'introspect': 'True', 'target_path': 'None', 'static_parser': 'True', 'send_anonymous_usage_stats': 'True'}
[0m11:23:43.331122 [info ] [MainThread]: dbt version: 1.7.0
[0m11:23:43.331293 [info ] [MainThread]: python version: 3.11.1
[0m11:23:43.331463 [info ] [MainThread]: python path: /Users/rtmagar/ecommerce_elt_project/venv/bin/python3.11
[0m11:23:43.331621 [info ] [MainThread]: os info: macOS-26.3-arm64-arm-64bit
[0m11:23:43.391118 [info ] [MainThread]: Using profiles dir at /Users/rtmagar/.dbt
[0m11:23:43.391454 [info ] [MainThread]: Using profiles.yml file at /Users/rtmagar/.dbt/profiles.yml
[0m11:23:43.391617 [info ] [MainThread]: Using dbt_project.yml file at /Users/rtmagar/ecommerce_elt_project/dbt_project.yml
[0m11:23:43.391999 [info ] [MainThread]: adapter type: postgres
[0m11:23:43.392190 [info ] [MainThread]: adapter version: 1.7.0
[0m11:23:43.392362 [info ] [MainThread]: Configuration:
[0m11:23:43.392509 [info ] [MainThread]:   profiles.yml file [[32mOK found and valid[0m]
[0m11:23:43.392648 [info ] [MainThread]:   dbt_project.yml file [[31mERROR not found[0m]
[0m11:23:43.392795 [info ] [MainThread]: Required dependencies:
[0m11:23:43.392992 [debug] [MainThread]: Executing "git --help"
[0m11:23:43.417009 [debug] [MainThread]: STDOUT: "b"usage: git [-v | --version] [-h | --help] [-C <path>] [-c <name>=<value>]\n           [--exec-path[=<path>]] [--html-path] [--man-path] [--info-path]\n           [-p | --paginate | -P | --no-pager] [--no-replace-objects] [--no-lazy-fetch]\n           [--no-optional-locks] [--no-advice] [--bare] [--git-dir=<path>]\n           [--work-tree=<path>] [--namespace=<name>] [--config-env=<name>=<envvar>]\n           <command> [<args>]\n\nThese are common Git commands used in various situations:\n\nstart a working area (see also: git help tutorial)\n   clone      Clone a repository into a new directory\n   init       Create an empty Git repository or reinitialize an existing one\n\nwork on the current change (see also: git help everyday)\n   add        Add file contents to the index\n   mv         Move or rename a file, a directory, or a symlink\n   restore    Restore working tree files\n   rm         Remove files from the working tree and from the index\n\nexamine the history and state (see also: git help revisions)\n   bisect     Use binary search to find the commit that introduced a bug\n   diff       Show changes between commits, commit and working tree, etc\n   grep       Print lines matching a pattern\n   log        Show commit logs\n   show       Show various types of objects\n   status     Show the working tree status\n\ngrow, mark and tweak your common history\n   backfill   Download missing objects in a partial clone\n   branch     List, create, or delete branches\n   commit     Record changes to the repository\n   merge      Join two or more development histories together\n   rebase     Reapply commits on top of another base tip\n   reset      Reset current HEAD to the specified state\n   switch     Switch branches\n   tag        Create, list, delete or verify a tag object signed with GPG\n\ncollaborate (see also: git help workflows)\n   fetch      Download objects and refs from another repository\n   pull       Fetch from and integrate with another repository or a local branch\n   push       Update remote refs along with associated objects\n\n'git help -a' and 'git help -g' list available subcommands and some\nconcept guides. See 'git help <command>' or 'git help <concept>'\nto read about a specific subcommand or concept.\nSee 'git help git' for an overview of the system.\n""
[0m11:23:43.417653 [debug] [MainThread]: STDERR: "b''"
[0m11:23:43.417937 [info ] [MainThread]:  - git [[32mOK found[0m]

[0m11:23:43.418110 [info ] [MainThread]: Connection:
[0m11:23:43.418304 [info ] [MainThread]:   host: localhost
[0m11:23:43.418448 [info ] [MainThread]:   port: 5434
[0m11:23:43.418585 [info ] [MainThread]:   user: dw_admin
[0m11:23:43.418722 [info ] [MainThread]:   database: analytics_warehouse
[0m11:23:43.418854 [info ] [MainThread]:   schema: public
[0m11:23:43.418985 [info ] [MainThread]:   connect_timeout: 10
[0m11:23:43.419119 [info ] [MainThread]:   role: None
[0m11:23:43.419255 [info ] [MainThread]:   search_path: None
[0m11:23:43.419385 [info ] [MainThread]:   keepalives_idle: 0
[0m11:23:43.419520 [info ] [MainThread]:   sslmode: None
[0m11:23:43.419656 [info ] [MainThread]:   sslcert: None
[0m11:23:43.419787 [info ] [MainThread]:   sslkey: None
[0m11:23:43.419923 [info ] [MainThread]:   sslrootcert: None
[0m11:23:43.420058 [info ] [MainThread]:   application_name: dbt
[0m11:23:43.420192 [info ] [MainThread]:   retries: 1
[0m11:23:43.420451 [info ] [MainThread]: Registered adapter: postgres=1.7.0
[0m11:23:43.426246 [debug] [MainThread]: Acquiring new postgres connection 'debug'
[0m11:23:43.426789 [debug] [MainThread]: Using postgres connection "debug"
[0m11:23:43.426947 [debug] [MainThread]: On debug: select 1 as id
[0m11:23:43.427096 [debug] [MainThread]: Opening a new connection, currently in state init
[0m11:23:43.465250 [debug] [MainThread]: SQL status: SELECT 1 in 0.0 seconds
[0m11:23:43.466128 [debug] [MainThread]: On debug: Close
[0m11:23:43.466350 [info ] [MainThread]:   Connection test: [[32mOK connection ok[0m]

[0m11:23:43.466568 [info ] [MainThread]: [31m1 check failed:[0m
[0m11:23:43.466731 [info ] [MainThread]: Project loading failed for the following reason:
 project path </Users/rtmagar/ecommerce_elt_project/dbt_project.yml> not found

[0m11:23:43.469438 [debug] [MainThread]: Resource report: {"command_name": "debug", "command_wall_clock_time": 0.1775355, "process_user_time": 0.979299, "process_kernel_time": 0.194571, "process_mem_max_rss": "137232384", "command_success": false, "process_in_blocks": "0", "process_out_blocks": "0"}
[0m11:23:43.469839 [debug] [MainThread]: Command `dbt debug` failed at 11:23:43.469755 after 0.18 seconds
[0m11:23:43.470093 [debug] [MainThread]: Connection 'debug' was properly closed.
[0m11:23:43.470328 [debug] [MainThread]: Sending event: {'category': 'dbt', 'action': 'invocation', 'label': 'end', 'context': [<snowplow_tracker.self_describing_json.SelfDescribingJson object at 0x105be3b50>, <snowplow_tracker.self_describing_json.SelfDescribingJson object at 0x105bcb7d0>, <snowplow_tracker.self_describing_json.SelfDescribingJson object at 0x105f3c290>]}
[0m11:23:43.470632 [debug] [MainThread]: Flushing usage events
[0m11:23:55.395769 [debug] [MainThread]: Sending event: {'category': 'dbt', 'action': 'invocation', 'label': 'start', 'context': [<snowplow_tracker.self_describing_json.SelfDescribingJson object at 0x109403910>, <snowplow_tracker.self_describing_json.SelfDescribingJson object at 0x1096e63d0>, <snowplow_tracker.self_describing_json.SelfDescribingJson object at 0x1096e5b90>]}


============================== 11:23:55.398713 | 5b339c0e-f678-4eba-83da-6e9d279d2b58 ==============================
[0m11:23:55.398713 [info ] [MainThread]: Running with dbt=1.7.0
[0m11:23:55.399122 [debug] [MainThread]: running dbt with arguments {'printer_width': '80', 'indirect_selection': 'eager', 'log_cache_events': 'False', 'write_json': 'True', 'partial_parse': 'True', 'cache_selected_only': 'False', 'profiles_dir': '/Users/rtmagar/.dbt', 'debug': 'False', 'warn_error': 'None', 'log_path': 'logs', 'fail_fast': 'False', 'version_check': 'True', 'use_colors': 'True', 'use_experimental_parser': 'False', 'no_print': 'None', 'quiet': 'False', 'log_format': 'default', 'invocation_command': 'dbt run', 'static_parser': 'True', 'introspect': 'True', 'target_path': 'None', 'warn_error_options': 'WarnErrorOptions(include=[], exclude=[])', 'send_anonymous_usage_stats': 'True'}
[0m11:23:55.399457 [error] [MainThread]: Encountered an error:
Runtime Error
  No dbt_project.yml found at expected path /Users/rtmagar/ecommerce_elt_project/dbt_project.yml
  Verify that each entry within packages.yml (and their transitive dependencies) contains a file named dbt_project.yml
  
[0m11:23:55.401309 [debug] [MainThread]: Resource report: {"command_name": "run", "command_wall_clock_time": 0.0351, "process_user_time": 0.930455, "process_kernel_time": 0.137808, "process_mem_max_rss": "124108800", "command_success": false, "process_in_blocks": "0", "process_out_blocks": "0"}
[0m11:23:55.401588 [debug] [MainThread]: Command `dbt run` failed at 11:23:55.401510 after 0.04 seconds
[0m11:23:55.401810 [debug] [MainThread]: Sending event: {'category': 'dbt', 'action': 'invocation', 'label': 'end', 'context': [<snowplow_tracker.self_describing_json.SelfDescribingJson object at 0x109389e50>, <snowplow_tracker.self_describing_json.SelfDescribingJson object at 0x10938b810>, <snowplow_tracker.self_describing_json.SelfDescribingJson object at 0x109670bd0>]}
[0m11:23:55.402016 [debug] [MainThread]: Flushing usage events
[0m05:34:14.196291 [debug] [MainThread]: Sending event: {'category': 'dbt', 'action': 'invocation', 'label': 'start', 'context': [<snowplow_tracker.self_describing_json.SelfDescribingJson object at 0x107cbc050>, <snowplow_tracker.self_describing_json.SelfDescribingJson object at 0x107d7bc10>, <snowplow_tracker.self_describing_json.SelfDescribingJson object at 0x107c6fad0>]}


============================== 05:34:14.199291 | d26369ca-472a-4f60-8c94-1ff3afca58f4 ==============================
[0m05:34:14.199291 [info ] [MainThread]: Running with dbt=1.7.0
[0m05:34:14.199626 [debug] [MainThread]: running dbt with arguments {'printer_width': '80', 'indirect_selection': 'eager', 'write_json': 'True', 'log_cache_events': 'False', 'partial_parse': 'True', 'cache_selected_only': 'False', 'profiles_dir': '/Users/rtmagar/.dbt', 'debug': 'False', 'warn_error': 'None', 'log_path': 'logs', 'version_check': 'True', 'fail_fast': 'False', 'use_colors': 'True', 'use_experimental_parser': 'False', 'no_print': 'None', 'quiet': 'False', 'log_format': 'default', 'introspect': 'True', 'static_parser': 'True', 'invocation_command': 'dbt debug', 'target_path': 'None', 'warn_error_options': 'WarnErrorOptions(include=[], exclude=[])', 'send_anonymous_usage_stats': 'True'}
[0m05:34:14.199983 [info ] [MainThread]: dbt version: 1.7.0
[0m05:34:14.200152 [info ] [MainThread]: python version: 3.11.1
[0m05:34:14.200326 [info ] [MainThread]: python path: /Users/rtmagar/ecommerce_elt_project/venv/bin/python3.11
[0m05:34:14.200479 [info ] [MainThread]: os info: macOS-26.3-arm64-arm-64bit
[0m05:34:14.272341 [info ] [MainThread]: Using profiles dir at /Users/rtmagar/.dbt
[0m05:34:14.272696 [info ] [MainThread]: Using profiles.yml file at /Users/rtmagar/.dbt/profiles.yml
[0m05:34:14.272866 [info ] [MainThread]: Using dbt_project.yml file at /Users/rtmagar/ecommerce_elt_project/dbt_project.yml
[0m05:34:14.273243 [info ] [MainThread]: adapter type: postgres
[0m05:34:14.273397 [info ] [MainThread]: adapter version: 1.7.0
[0m05:34:14.273552 [info ] [MainThread]: Configuration:
[0m05:34:14.273698 [info ] [MainThread]:   profiles.yml file [[32mOK found and valid[0m]
[0m05:34:14.273834 [info ] [MainThread]:   dbt_project.yml file [[31mERROR not found[0m]
[0m05:34:14.273990 [info ] [MainThread]: Required dependencies:
[0m05:34:14.274188 [debug] [MainThread]: Executing "git --help"
[0m05:34:14.309891 [debug] [MainThread]: STDOUT: "b"usage: git [-v | --version] [-h | --help] [-C <path>] [-c <name>=<value>]\n           [--exec-path[=<path>]] [--html-path] [--man-path] [--info-path]\n           [-p | --paginate | -P | --no-pager] [--no-replace-objects] [--no-lazy-fetch]\n           [--no-optional-locks] [--no-advice] [--bare] [--git-dir=<path>]\n           [--work-tree=<path>] [--namespace=<name>] [--config-env=<name>=<envvar>]\n           <command> [<args>]\n\nThese are common Git commands used in various situations:\n\nstart a working area (see also: git help tutorial)\n   clone      Clone a repository into a new directory\n   init       Create an empty Git repository or reinitialize an existing one\n\nwork on the current change (see also: git help everyday)\n   add        Add file contents to the index\n   mv         Move or rename a file, a directory, or a symlink\n   restore    Restore working tree files\n   rm         Remove files from the working tree and from the index\n\nexamine the history and state (see also: git help revisions)\n   bisect     Use binary search to find the commit that introduced a bug\n   diff       Show changes between commits, commit and working tree, etc\n   grep       Print lines matching a pattern\n   log        Show commit logs\n   show       Show various types of objects\n   status     Show the working tree status\n\ngrow, mark and tweak your common history\n   backfill   Download missing objects in a partial clone\n   branch     List, create, or delete branches\n   commit     Record changes to the repository\n   merge      Join two or more development histories together\n   rebase     Reapply commits on top of another base tip\n   reset      Reset current HEAD to the specified state\n   switch     Switch branches\n   tag        Create, list, delete or verify a tag object signed with GPG\n\ncollaborate (see also: git help workflows)\n   fetch      Download objects and refs from another repository\n   pull       Fetch from and integrate with another repository or a local branch\n   push       Update remote refs along with associated objects\n\n'git help -a' and 'git help -g' list available subcommands and some\nconcept guides. See 'git help <command>' or 'git help <concept>'\nto read about a specific subcommand or concept.\nSee 'git help git' for an overview of the system.\n""
[0m05:34:14.310566 [debug] [MainThread]: STDERR: "b''"
[0m05:34:14.310804 [info ] [MainThread]:  - git [[32mOK found[0m]

[0m05:34:14.310984 [info ] [MainThread]: Connection:
[0m05:34:14.311196 [info ] [MainThread]:   host: localhost
[0m05:34:14.311350 [info ] [MainThread]:   port: 5434
[0m05:34:14.311492 [info ] [MainThread]:   user: dw_admin
[0m05:34:14.311630 [info ] [MainThread]:   database: analytics_warehouse
[0m05:34:14.311768 [info ] [MainThread]:   schema: public
[0m05:34:14.311900 [info ] [MainThread]:   connect_timeout: 10
[0m05:34:14.312133 [info ] [MainThread]:   role: None
[0m05:34:14.312304 [info ] [MainThread]:   search_path: None
[0m05:34:14.312453 [info ] [MainThread]:   keepalives_idle: 0
[0m05:34:14.312597 [info ] [MainThread]:   sslmode: None
[0m05:34:14.312736 [info ] [MainThread]:   sslcert: None
[0m05:34:14.312872 [info ] [MainThread]:   sslkey: None
[0m05:34:14.313015 [info ] [MainThread]:   sslrootcert: None
[0m05:34:14.313158 [info ] [MainThread]:   application_name: dbt
[0m05:34:14.313311 [info ] [MainThread]:   retries: 1
[0m05:34:14.313552 [info ] [MainThread]: Registered adapter: postgres=1.7.0
[0m05:34:14.318901 [debug] [MainThread]: Acquiring new postgres connection 'debug'
[0m05:34:14.319819 [debug] [MainThread]: Using postgres connection "debug"
[0m05:34:14.320002 [debug] [MainThread]: On debug: select 1 as id
[0m05:34:14.320193 [debug] [MainThread]: Opening a new connection, currently in state init
[0m05:34:14.445325 [debug] [MainThread]: SQL status: SELECT 1 in 0.0 seconds
[0m05:34:14.446581 [debug] [MainThread]: On debug: Close
[0m05:34:14.446858 [info ] [MainThread]:   Connection test: [[32mOK connection ok[0m]

[0m05:34:14.447105 [info ] [MainThread]: [31m1 check failed:[0m
[0m05:34:14.447308 [info ] [MainThread]: Project loading failed for the following reason:
 project path </Users/rtmagar/ecommerce_elt_project/dbt_project.yml> not found

[0m05:34:14.484858 [debug] [MainThread]: Resource report: {"command_name": "debug", "command_wall_clock_time": 0.32257158, "process_user_time": 1.022886, "process_kernel_time": 0.236552, "process_mem_max_rss": "137265152", "command_success": false, "process_in_blocks": "0", "process_out_blocks": "0"}
[0m05:34:14.485364 [debug] [MainThread]: Command `dbt debug` failed at 05:34:14.485269 after 0.32 seconds
[0m05:34:14.485781 [debug] [MainThread]: Connection 'debug' was properly closed.
[0m05:34:14.486168 [debug] [MainThread]: Sending event: {'category': 'dbt', 'action': 'invocation', 'label': 'end', 'context': [<snowplow_tracker.self_describing_json.SelfDescribingJson object at 0x107a94ad0>, <snowplow_tracker.self_describing_json.SelfDescribingJson object at 0x1215e7210>, <snowplow_tracker.self_describing_json.SelfDescribingJson object at 0x100f81750>]}
[0m05:34:14.486508 [debug] [MainThread]: Flushing usage events
